DEBUG:asyncio:Using proactor: IocpProactor
DEBUG:root:coreNet sendMsg: LoginRequestMessage(username='zhangsan', password='123')
DEBUG:root:send_msg: b'\x01\x02\x03\x04\x01\x00\x00\xff\x00\x00\x00+{"username": "zhangsan", "password": "123"}'
DEBUG:root:received_bytes b'\x01\x02\x03\x04\x01\x00\x01\xff\x00\x00\x00;'
DEBUG:root:data b'{"success":true,"msg":"\xe6\xac\xa2\xe8\xbf\x8e\xe4\xbd\xa0:zhangsan","messageType":0}'
DEBUG:root:recv_msg: LoginResponseMessage(success=True, msg='欢迎你:zhangsan')
DEBUG:root:开始监听消息
DEBUG:root:received_bytes b'\x01\x02\x03\x04\x01\x00\x03\xff\x00\x00\x006'
DEBUG:root:data b'{"content":"\\n","username":"zhangsan","messageType":0}'
DEBUG:root:recv_msg: ChatAllResponseMessage(content='\n', username='zhangsan')
DEBUG:root:queue put: ChatAllResponseMessage(content='\n', username='zhangsan') 18040
DEBUG:root:server listen: ChatAllResponseMessage(content='\n', username='zhangsan') <class 'message.ChatAllResponseMessage'>
DEBUG:root:append ChatAll [bold red]zhangsan[/bold red] : 

DEBUG:root:received_bytes b'\x01\x02\x03\x04\x01\x00\x03\xff\x00\x00\x009'
DEBUG:root:data b'{"content":"123\\n","username":"zhangsan","messageType":0}'
DEBUG:root:recv_msg: ChatAllResponseMessage(content='123\n', username='zhangsan')
DEBUG:root:queue put: ChatAllResponseMessage(content='123\n', username='zhangsan') 18040
DEBUG:root:server listen: ChatAllResponseMessage(content='123\n', username='zhangsan') <class 'message.ChatAllResponseMessage'>
DEBUG:root:append ChatAll [bold red]zhangsan[/bold red] : 
[bold red]zhangsan[/bold red] : 123

